Player Age:
------------------------
Player ID     Player Name       Age
   1        Melisenda Tremain   43
   2            Travis Eastam   58
   3         Lothario Pittson   48
   4         Jacqui Cloughton   40
   5           Tiebold Blakey   38
   6          Gearalt Larrett   52
   7        Yovonnda Fumagall   55
   8          Rachele Franses   35
   9              Pat Beecham   46
  10          Winfield Grelak   62
  11             Levon Bamber   50
  12             Georas Cawsy   36
  13        Chandler Ghiroldi   44
  14             Eydie McCart   59
  15            Corie McNeish   33
  16          Stanton Evenett   42
  17          Kahlil Petworth   59
  18          Georgetta Ezele   37
  19             Gianni Firby   51
  20             Jarad Memory   40
  21           Rozina Bonwick   43
  22          Jennee Palister   40
  23          Georgena Jantot   60
  24            Marlow Rowatt   62
  25              Gage Nation   53
  26            Moishe Reedie   49
  27            Karel Jackman   49
  28            Austen Garrad   35
  29      Sibeal Antonignetti   37
  30              Mada Eakley   46
  31             Eyde Hassent   41
  32              Gwyn Aingel   61
  33       Sanders Catcheside   63
  34           Bronson Wisdom   48
  35           Peadar Kordova   51
  36          Stepha Rappport   59
  37           Carlynn Imlock   45
  38        Alaster Starzaker   60
  39             Jamie Sailor   60
  40        Nicolas Demageard   59
  41      Konstantin Devennie   35
  42            Emera Scoines   45
  43         Herrick Manilove   54
  44            Freddie Asche   55
  45           Andreas Zucker   44
  46        Jaquelin Colquitt   50
  47          Graehme Pauling   38
  48          Trev Chaperling   58
  49           Lorens Clorley   59
  50         Alberto Eannetta   41
  51      Yolande Saundercock   57
  52          Mortimer Eisold   36
  53       Colver Billingsley   46
  54        Lucilia Willavoys   43
  55             Kermy Fruish   34
  56            Perle Sallier   42
  57         Fiann Krzyzowski   37
  58       Tanhya Wondraschek   48
  59           Clive Mockford   55
  60             Alex Sleeman   53
  61              Olly Farren   54
  62           Blithe Pounder   39
  63               Jon Davana   48
  64           Adair Frampton   46
  65          Cointon Ferrers   53
  66          Sallyann Treble   55
  67           Dione Ollerton   61
  68             Major Janoch   58
  69              Farra Hales   59
  70             Pepi Patesel   59
  71          Ingaborg McLane   59
  72          Shannah Snedden   44
  73           Shelba MacWhan   40
  74           Scotti Simonel   34
  75          Benjamen Staten   36
  76             Arther Clare   58
  77          Wainwright Omar   62
  78          Claudian Falkus   36
  79         Michaela Crother   34
  80          Delila McColgan   33
  81                Ali Rosso   56
  82             Genia Fillan   53
  83            Micky Neasham   44
  84        Concordia Furbank   46
  85          Eddy Shotboulte   54
  86      Archaimbaud Cordova   49
  87          Natalie Pafford   62
  88           Oneida Giddens   44
  89            Elyse Grindle   37
  90            Dougie Silver   57
  91             Joanne Flips   56
  92      Clarinda Fearenside   57
  93            Elnora Tearny   40
  94             Oliver Dorie   40
  95      Margarethe Birchner   58
  96     Chevalier Mateuszczy   60
  97             Jeno Symcock   53
  98           Kenn Yeardsley   41
  99           York Radclyffe   56
 100           Karlik Howship   49
